0 info it worked if it ends with ok
1 verbose cli [ '/home/shybovycha/iojs-v2.2.1-linux-x64/bin/iojs',
1 verbose cli   '/home/shybovycha/iojs-v2.2.1-linux-x64/bin/npm',
1 verbose cli   'start' ]
2 info using npm@2.11.0
3 info using node@v2.2.1
4 verbose run-script [ 'prestart', 'start', 'poststart' ]
5 info prestart activity_detector_interactive@0.0.1
6 info start activity_detector_interactive@0.0.1
7 verbose unsafe-perm in lifecycle true
8 info activity_detector_interactive@0.0.1 Failed to exec start script
9 verbose stack Error: activity_detector_interactive@0.0.1 start: `node --harmony_classes ./bin/www`
9 verbose stack Exit status 1
9 verbose stack     at EventEmitter.<anonymous> (/home/shybovycha/iojs-v2.2.1-linux-x64/lib/node_modules/npm/lib/utils/lifecycle.js:213:16)
9 verbose stack     at emitTwo (events.js:87:13)
9 verbose stack     at EventEmitter.emit (events.js:172:7)
9 verbose stack     at ChildProcess.<anonymous> (/home/shybovycha/iojs-v2.2.1-linux-x64/lib/node_modules/npm/lib/utils/spawn.js:24:14)
9 verbose stack     at emitTwo (events.js:87:13)
9 verbose stack     at ChildProcess.emit (events.js:172:7)
9 verbose stack     at maybeClose (internal/child_process.js:763:16)
9 verbose stack     at Process.ChildProcess._handle.onexit (internal/child_process.js:210:5)
10 verbose pkgid activity_detector_interactive@0.0.1
11 verbose cwd /home/shybovycha/projects/uniwersytet/symulacja/activity_detector/interactive
12 error Linux 3.16.0-28-generic
13 error argv "/home/shybovycha/iojs-v2.2.1-linux-x64/bin/iojs" "/home/shybovycha/iojs-v2.2.1-linux-x64/bin/npm" "start"
14 error node v2.2.1
15 error npm  v2.11.0
16 error code ELIFECYCLE
17 error activity_detector_interactive@0.0.1 start: `node --harmony_classes ./bin/www`
17 error Exit status 1
18 error Failed at the activity_detector_interactive@0.0.1 start script 'node --harmony_classes ./bin/www'.
18 error This is most likely a problem with the activity_detector_interactive package,
18 error not with npm itself.
18 error Tell the author that this fails on your system:
18 error     node --harmony_classes ./bin/www
18 error You can get their info via:
18 error     npm owner ls activity_detector_interactive
18 error There is likely additional logging output above.
19 verbose exit [ 1, true ]
